Flow report for 8_bit_updown_counter
Tue Apr 05 17:50:28 2022
Quartus Prime Version 17.0.0 Build 595 04/25/2017 SJ Lite Edition


---------------------
; Table of Contents ;
---------------------
  1. Legal Notice
  2. Flow Summary
  3. Flow Settings
  4. Flow Non-Default Global Settings
  5. Flow Elapsed Time
  6. Flow OS Summary
  7. Flow Log
  8. Flow Messages
  9. Flow Suppressed Messages



----------------
; Legal Notice ;
----------------
Copyright (C) 2017  Intel Corporation. All rights reserved.
Your use of Intel Corporation's design tools, logic functions 
and other software and tools, and its AMPP partner logic 
functions, and any output files from any of the foregoing 
(including device programming or simulation files), and any 
associated documentation or information are expressly subject 
to the terms and conditions of the Intel Program License 
Subscription Agreement, the Intel Quartus Prime License Agreement,
the Intel MegaCore Function License Agreement, or other 
applicable license agreement, including, without limitation, 
that your use is for the sole purpose of programming logic 
devices manufactured by Intel and sold by Intel or its 
authorized distributors.  Please refer to the applicable 
agreement for further details.



+----------------------------------------------------------------------------------+
; Flow Summary                                                                     ;
+------------------------------------+---------------------------------------------+
; Flow Status                        ; Successful - Tue Apr 05 17:50:24 2022       ;
; Quartus Prime Version              ; 17.0.0 Build 595 04/25/2017 SJ Lite Edition ;
; Revision Name                      ; 8_bit_updown_counter                        ;
; Top-level Entity Name              ; 8_bit_updown_counter_unmodified             ;
; Family                             ; Cyclone IV E                                ;
; Device                             ; EP4CE22F17C6                                ;
; Timing Models                      ; Final                                       ;
; Total logic elements               ; 61 / 22,320 ( < 1 % )                       ;
;     Total combinational functions  ; 61 / 22,320 ( < 1 % )                       ;
;     Dedicated logic registers      ; 41 / 22,320 ( < 1 % )                       ;
; Total registers                    ; 41                                          ;
; Total pins                         ; 11 / 154 ( 7 % )                            ;
; Total virtual pins                 ; 0                                           ;
; Total memory bits                  ; 0 / 608,256 ( 0 % )                         ;
; Embedded Multiplier 9-bit elements ; 0 / 132 ( 0 % )                             ;
; Total PLLs                         ; 1 / 4 ( 25 % )                              ;
+------------------------------------+---------------------------------------------+


+------------------------------------------+
; Flow Settings                            ;
+-------------------+----------------------+
; Option            ; Setting              ;
+-------------------+----------------------+
; Start date & time ; 04/05/2022 17:49:58  ;
; Main task         ; Compilation          ;
; Revision Name     ; 8_bit_updown_counter ;
+-------------------+----------------------+


+----------------------------------------------------------------------------------------------------------------------------------------------------+
; Flow Non-Default Global Settings                                                                                                                   ;
+-------------------------------------+----------------------------------------+----------------------+---------------------------------+------------+
; Assignment Name                     ; Value                                  ; Default Value        ; Entity Name                     ; Section Id ;
+-------------------------------------+----------------------------------------+----------------------+---------------------------------+------------+
; COMPILER_SIGNATURE_ID               ; 75350848500247.164917379704912         ; --                   ; --                              ; --         ;
; MAX_CORE_JUNCTION_TEMP              ; 85                                     ; --                   ; --                              ; --         ;
; MIN_CORE_JUNCTION_TEMP              ; 0                                      ; --                   ; --                              ; --         ;
; MISC_FILE                           ; PLL.bsf                                ; --                   ; --                              ; --         ;
; MISC_FILE                           ; PLL_bb.v                               ; --                   ; --                              ; --         ;
; MISC_FILE                           ; PLL.ppf                                ; --                   ; --                              ; --         ;
; MISC_FILE                           ; counter_bus_mux.bsf                    ; --                   ; --                              ; --         ;
; MISC_FILE                           ; counter_bus_mux_bb.v                   ; --                   ; --                              ; --         ;
; OUTPUT_IO_TIMING_FAR_END_VMEAS      ; Half Signal Swing                      ; --                   ; --                              ; --         ;
; OUTPUT_IO_TIMING_FAR_END_VMEAS      ; Half Signal Swing                      ; --                   ; --                              ; --         ;
; OUTPUT_IO_TIMING_NEAR_END_VMEAS     ; Half Vccio                             ; --                   ; --                              ; --         ;
; OUTPUT_IO_TIMING_NEAR_END_VMEAS     ; Half Vccio                             ; --                   ; --                              ; --         ;
; PARTITION_COLOR                     ; -- (Not supported for targeted family) ; --                   ; 8_bit_updown_counter_unmodified ; Top        ;
; PARTITION_FITTER_PRESERVATION_LEVEL ; -- (Not supported for targeted family) ; --                   ; 8_bit_updown_counter_unmodified ; Top        ;
; PARTITION_NETLIST_TYPE              ; -- (Not supported for targeted family) ; --                   ; 8_bit_updown_counter_unmodified ; Top        ;
; POWER_BOARD_THERMAL_MODEL           ; None (CONSERVATIVE)                    ; --                   ; --                              ; --         ;
; POWER_PRESET_COOLING_SOLUTION       ; 23 MM HEAT SINK WITH 200 LFPM AIRFLOW  ; --                   ; --                              ; --         ;
; PROJECT_OUTPUT_DIRECTORY            ; output_files                           ; --                   ; --                              ; --         ;
; TOP_LEVEL_ENTITY                    ; 8_bit_updown_counter_unmodified        ; 8_bit_updown_counter ; --                              ; --         ;
+-------------------------------------+----------------------------------------+----------------------+---------------------------------+------------+


+-------------------------------------------------------------------------------------------------------------------------------+
; Flow Elapsed Time                                                                                                             ;
+---------------------------+--------------+-------------------------+---------------------+------------------------------------+
; Module Name               ; Elapsed Time ; Average Processors Used ; Peak Virtual Memory ; Total CPU Time (on all processors) ;
+---------------------------+--------------+-------------------------+---------------------+------------------------------------+
; Analysis & Synthesis      ; 00:00:16     ; 1.0                     ; 4750 MB             ; 00:00:33                           ;
; Fitter                    ; 00:00:06     ; 1.0                     ; 5514 MB             ; 00:00:08                           ;
; Assembler                 ; 00:00:02     ; 1.0                     ; 4673 MB             ; 00:00:02                           ;
; TimeQuest Timing Analyzer ; 00:00:03     ; 1.0                     ; 4773 MB             ; 00:00:03                           ;
; Total                     ; 00:00:27     ; --                      ; --                  ; 00:00:46                           ;
+---------------------------+--------------+-------------------------+---------------------+------------------------------------+


+-----------------------------------------------------------------------------------------+
; Flow OS Summary                                                                         ;
+---------------------------+------------------+------------+------------+----------------+
; Module Name               ; Machine Hostname ; OS Name    ; OS Version ; Processor type ;
+---------------------------+------------------+------------+------------+----------------+
; Analysis & Synthesis      ; DESKTOP-BPENI94  ; Windows 10 ; 10.0       ; x86_64         ;
; Fitter                    ; DESKTOP-BPENI94  ; Windows 10 ; 10.0       ; x86_64         ;
; Assembler                 ; DESKTOP-BPENI94  ; Windows 10 ; 10.0       ; x86_64         ;
; TimeQuest Timing Analyzer ; DESKTOP-BPENI94  ; Windows 10 ; 10.0       ; x86_64         ;
+---------------------------+------------------+------------+------------+----------------+


------------
; Flow Log ;
------------
quartus_map --read_settings_files=on --write_settings_files=off 8_bit_updown_counter -c 8_bit_updown_counter
quartus_fit --read_settings_files=off --write_settings_files=off 8_bit_updown_counter -c 8_bit_updown_counter
quartus_asm --read_settings_files=off --write_settings_files=off 8_bit_updown_counter -c 8_bit_updown_counter
quartus_sta 8_bit_updown_counter -c 8_bit_updown_counter



